0 info it worked if it ends with ok
1 verbose cli [ '/usr/local/bin/node', '/usr/local/bin/npm', 'publish' ]
2 info using npm@3.10.3
3 info using node@v6.5.0
4 verbose publish [ '.' ]
5 silly cache add args [ '.', null ]
6 verbose cache add spec .
7 silly cache add parsed spec Result {
7 silly cache add   raw: '.',
7 silly cache add   scope: null,
7 silly cache add   escapedName: null,
7 silly cache add   name: null,
7 silly cache add   rawSpec: '.',
7 silly cache add   spec: '/Users/changjoopark/Development/Slender-Skeleton-Sass',
7 silly cache add   type: 'directory' }
8 verbose addLocalDirectory /Users/changjoopark/.npm/slender-skeleton-scss/2.0.4/package.tgz not in flight; packing
9 verbose correctMkdir /Users/changjoopark/.npm correctMkdir not in flight; initializing
10 info lifecycle slender-skeleton-scss@2.0.4~prepublish: slender-skeleton-scss@2.0.4
11 silly lifecycle slender-skeleton-scss@2.0.4~prepublish: no script for prepublish, continuing
12 verbose tar pack [ '/Users/changjoopark/.npm/slender-skeleton-scss/2.0.4/package.tgz',
12 verbose tar pack   '/Users/changjoopark/Development/Slender-Skeleton-Sass' ]
13 verbose tarball /Users/changjoopark/.npm/slender-skeleton-scss/2.0.4/package.tgz
14 verbose folder /Users/changjoopark/Development/Slender-Skeleton-Sass
15 verbose addLocalTarball adding from inside cache /Users/changjoopark/.npm/slender-skeleton-scss/2.0.4/package.tgz
16 verbose correctMkdir /Users/changjoopark/.npm correctMkdir not in flight; initializing
17 silly cache afterAdd slender-skeleton-scss@2.0.4
18 verbose afterAdd /Users/changjoopark/.npm/slender-skeleton-scss/2.0.4/package/package.json not in flight; writing
19 verbose correctMkdir /Users/changjoopark/.npm correctMkdir not in flight; initializing
20 verbose afterAdd /Users/changjoopark/.npm/slender-skeleton-scss/2.0.4/package/package.json written
21 silly publish { name: 'slender-skeleton-scss',
21 silly publish   version: '2.0.4',
21 silly publish   description: 'The (un)official Sass Version of Skeleton (2.0.4): A Dead Simple, Responsive Boilerplate for Mobile-Friendly Development',
21 silly publish   repository:
21 silly publish    { type: 'git',
21 silly publish      url: 'git+https://github.com/ChangJoo-Park/Slender-Skeleton-Sass.git' },
21 silly publish   bugs: { url: 'https://github.com/ChangJoo-Park/Slender-Skeleton-Sass/issues' },
21 silly publish   homepage: 'https://github.com/ChangJoo-Park/Slender-Skeleton-Sass',
21 silly publish   author: { name: 'ChangJoo Park', email: 'pcjpcj2@gmail.com' },
21 silly publish   keywords: [ 'skeleton', 'sass', 'scss', 'responsive', 'boilerplate' ],
21 silly publish   license: 'MIT',
21 silly publish   devDependencies:
21 silly publish    { grunt: '^1.0.1',
21 silly publish      'grunt-contrib-watch': '^1.0.0',
21 silly publish      'grunt-contrib-sass': '^1.0.0',
21 silly publish      'grunt-sass': '^1.2.0' },
21 silly publish   readme: '# [Skeleton-Sass](http://getskeleton.com)\n\nSkeleton-Sass is the (un)official Sass version of [Dave Gamache\'s](https://twitter.com/dhg) Skeleton Framework. It currently featues a stable version of Skeleton 2.0.4\n\n-----\n\nSkeleton is a simple, responsive boilerplate to kickstart any responsive project.\n\nCheck out <http://getskeleton.com> for documentation and details.\n\n## Getting started\n\n### Install Global Dependancies\n  * [Node.js](http://nodejs.org)\n  * [bower](http://bower.io): `[sudo] npm install bower -g`\n  * [grunt.js](http://gruntjs.com): `[sudo] npm install -g grunt-cli`\n\n### Install Local Dependancies\n  * [Download zip](https://github.com/whatsnewsaes/Skeleton-Sass/archive/master.zip), [clone the repo](github-mac://openRepo/https://github.com/whatsnewsaes/Skeleton-Sass) or `bower install skeleton-scss` from your terminal\n  * cd to project folder\n  * run `[sudo] npm install` (first time users)\n  * run `grunt` (to watch and compile sass files)\n\n### What\'s in the download?\n\nThe download includes Skeleton\'s CSS, ~~Normalize CSS as a reset,~~ a sample favicon, and an index.html as a starting point.\n\n```\nskeleton/\n├── index.html\n├── scss/\n│   └── skeleton.scss\n├── images/\n│   └── favicon.png\n├── package.json\n├── Gruntfile.js\n└── README.md\n\n```\n\n### Contributions\nThe goal of Skeleton-Sass is to have a mirrored Sass repository of Skeleton. In order to keep the integrity of the original Skeleton framework, I cannot accept any features or functionality outside the original implementation of [Dave Gamache\'s](https://twitter.com/dhg) [Skeleton Framework](https://github.com/dhg/Skeleton). If you would like to see features, functionality, or extensions outside of the original please make a PR / or issue on the original skeleton framework.\n\nIf you have sass improvements, additional mixins, or other helpful sass techniques that stay within the original codebase. Feel free to make a pull request!\n\n### Why it\'s awesome\n\nSkeleton is lightweight and simple. It styles only raw HTML elements (with a few exceptions) and provides a responsive grid. Nothing more.\n- Minified, it\'s less than a kb\n- It\'s a starting point, not a UI framework\n- ~~No compiling or installing...just vanilla CSS~~\n\n\n## Browser support\n\n- Chrome latest\n- Firefox latest\n- Opera latest\n- Safari latest\n- IE latest\n\nThe above list is non-exhaustive. Skeleton works perfectly with almost all older versions of the browsers above, though IE certainly has large degradation prior to IE9.\n\n\n## License\n\nAll parts of Skeleton-sass are free to use and abuse under the [open-source MIT license](http://opensource.org/licenses/mit-license.php).\n\n\n## Colophon\n\nSkeleton was built using [Sublime Text 3](http://www.sublimetext.com/3) and designed with [Sketch](http://bohemiancoding.com/sketch). The typeface [Raleway](http://www.google.com/fonts/specimen/Raleway) was created by [Matt McInerney](http://matt.cc/) and [Pablo Impallari](http://www.impallari.com/). Code highlighting by Google\'s [Prettify library](https://code.google.com/p/google-code-prettify/). Icons in the header of the documentation are all derivative work of icons from [The Noun Project](thenounproject.com). [Feather](http://thenounproject.com/term/feather/22073) by Zach VanDeHey, [Pen](http://thenounproject.com/term/pen/21163) (with cap) by Ed Harrison, [Pen](http://thenounproject.com/term/pen/32847) (with clicker) by Matthew Hall, and [Watch](http://thenounproject.com/term/watch/48015) by Julien Deveaux. [Spoqa Han Sans](http://spoqa.github.io/spoqa-han-sans/)\n\n\n## Acknowledgement\n\nSkeleton was created by [Dave Gamache](https://twitter.com/dhg) for a better web.\n\nSkeleton-Sass was created by [Seth Coelen](http://sethcoelen.com) for a better Skeleton.\n\nSlender-Skeleton-Sass was created by [ChangJoo Park](http://changjoo.me) for a more better Skeleton.\n',
21 silly publish   readmeFilename: 'README.md',
21 silly publish   gitHead: '1b62445352d4f0eb9470b9cd39939d5809da6e36',
21 silly publish   _id: 'slender-skeleton-scss@2.0.4',
21 silly publish   scripts: {},
21 silly publish   _shasum: '8c1c6c6db7011526207379586df00aa912db79cc',
21 silly publish   _from: '.' }
22 verbose getPublishConfig undefined
23 silly mapToRegistry name slender-skeleton-scss
24 silly mapToRegistry using default registry
25 silly mapToRegistry registry https://registry.npmjs.org/
26 silly mapToRegistry data Result {
26 silly mapToRegistry   raw: 'slender-skeleton-scss',
26 silly mapToRegistry   scope: null,
26 silly mapToRegistry   escapedName: 'slender-skeleton-scss',
26 silly mapToRegistry   name: 'slender-skeleton-scss',
26 silly mapToRegistry   rawSpec: '',
26 silly mapToRegistry   spec: 'latest',
26 silly mapToRegistry   type: 'tag' }
27 silly mapToRegistry uri https://registry.npmjs.org/slender-skeleton-scss
28 verbose publish registryBase https://registry.npmjs.org/
29 silly publish uploading /Users/changjoopark/.npm/slender-skeleton-scss/2.0.4/package.tgz
30 verbose request uri https://registry.npmjs.org/slender-skeleton-scss
31 verbose request sending authorization for write operation
32 info attempt registry request try #1 at 14:42:00
33 verbose request using bearer token for auth
34 verbose request id 4e7e778123f26c12
35 http request PUT https://registry.npmjs.org/slender-skeleton-scss
36 http 403 https://registry.npmjs.org/slender-skeleton-scss
37 verbose headers { 'content-type': 'application/json',
37 verbose headers   'cache-control': 'max-age=300',
37 verbose headers   'content-length': '95',
37 verbose headers   'accept-ranges': 'bytes',
37 verbose headers   date: 'Wed, 16 Nov 2016 05:42:00 GMT',
37 verbose headers   via: '1.1 varnish',
37 verbose headers   connection: 'keep-alive',
37 verbose headers   'x-served-by': 'cache-nrt6133-NRT',
37 verbose headers   'x-cache': 'MISS',
37 verbose headers   'x-cache-hits': '0',
37 verbose headers   'x-timer': 'S1479274920.411006,VS0,VE569',
37 verbose headers   vary: 'Accept-Encoding' }
38 verbose request invalidating /Users/changjoopark/.npm/registry.npmjs.org/slender-skeleton-scss on PUT
39 error publish Failed PUT 403
40 verbose stack Error: "You cannot publish over the previously published version 2.0.4." : slender-skeleton-scss
40 verbose stack     at makeError (/usr/local/lib/node_modules/npm/node_modules/npm-registry-client/lib/request.js:264:12)
40 verbose stack     at CachingRegistryClient.<anonymous> (/usr/local/lib/node_modules/npm/node_modules/npm-registry-client/lib/request.js:252:14)
40 verbose stack     at Request._callback (/usr/local/lib/node_modules/npm/node_modules/npm-registry-client/lib/request.js:172:14)
40 verbose stack     at Request.self.callback (/usr/local/lib/node_modules/npm/node_modules/request/request.js:200:22)
40 verbose stack     at emitTwo (events.js:106:13)
40 verbose stack     at Request.emit (events.js:191:7)
40 verbose stack     at Request.<anonymous> (/usr/local/lib/node_modules/npm/node_modules/request/request.js:1067:10)
40 verbose stack     at emitOne (events.js:101:20)
40 verbose stack     at Request.emit (events.js:188:7)
40 verbose stack     at IncomingMessage.<anonymous> (/usr/local/lib/node_modules/npm/node_modules/request/request.js:988:12)
41 verbose statusCode 403
42 verbose pkgid slender-skeleton-scss
43 verbose cwd /Users/changjoopark/Development/Slender-Skeleton-Sass
44 error Darwin 16.1.0
45 error argv "/usr/local/bin/node" "/usr/local/bin/npm" "publish"
46 error node v6.5.0
47 error npm  v3.10.3
48 error code E403
49 error "You cannot publish over the previously published version 2.0.4." : slender-skeleton-scss
50 error If you need help, you may report this error at:
50 error     <https://github.com/npm/npm/issues>
51 verbose exit [ 1, true ]
